[Download] [Trace] OnEventMessage FileKey 1 2015/5/17 8:12:43:409 Event_ActionButton
[Download] [Trace] OnDebugMessage FileKey 2 2015/5/17 8:12:43:411 Download Start Phase - InternetSetOption(NULL, INTERNET_OPTION_MAX_CONNS_PER_1_0_SERVER, 100, sizeof(dwMaxCount)) retCode = 1
[Download] [Trace] OnDebugMessage FileKey 2 2015/5/17 8:12:43:411 InternetSetOption(NULL, INTERNET_OPTION_MAX_CONNS_PER_SERVER, 100, sizeof(dwMaxCount))retCode = 1
[Download] [Trace] OnDebugMessage FileKey 2 2015/5/17 8:12:43:411 InternetOpen(AfxGetAppName(), INTERNET_OPEN_TYPE_PRECONFIG, NULL, NULL, INTERNET_FLAG_DONT_CACHE | INTERNET_FLAG_RELOAD)retCode = 1
[Download] [Trace] OnDebugMessage FileKey 2 2015/5/17 8:12:43:427 InternetSetOption(hInternetSession, INTERNET_OPTION_MAX_CONNS_PER_1_0_SERVER, 100, sizeof(dwMaxCount));retCode = 0
[Download] [Trace] OnDebugMessage FileKey 2 2015/5/17 8:12:43:427 Download Start Phase - InternetSetOption(NULL, INTERNET_OPTION_MAX_CONNS_PER_1_0_SERVER, 100, sizeof(dwMaxCount)) retCode = 1
[Download] [Trace] OnDebugMessage FileKey 2 2015/5/17 8:12:43:427 InternetSetOption(NULL, INTERNET_OPTION_MAX_CONNS_PER_SERVER, 100, sizeof(dwMaxCount))retCode = 1
[Download] [Trace] OnDebugMessage FileKey 2 2015/5/17 8:12:43:427 InternetOpen(AfxGetAppName(), INTERNET_OPEN_TYPE_PRECONFIG, NULL, NULL, INTERNET_FLAG_DONT_CACHE | INTERNET_FLAG_RELOAD)retCode = 1
[Download] [Trace] OnDebugMessage FileKey 2 2015/5/17 8:12:43:427 InternetSetOption(hInternetSession, INTERNET_OPTION_MAX_CONNS_PER_1_0_SERVER, 100, sizeof(dwMaxCount));retCode = 0
[Download] [Trace] OnDebugMessage FileKey 2 2015/5/17 8:12:44:410 InternetConnect(hInternetSession, 'dreamspark.sef.qut.edu.au', 80, NULL, NULL, INTERNET_SERVICE_HTTP, 0, (DWORD) this);
[Download] [Trace] OnDebugMessage FileKey 2 2015/5/17 8:12:44:410 HttpOpenRequest(hHttpConnection, NULL, /en_windows_8.1_with_update_x64_dvd_4065090.01.sdc, 'HTTP/1.1', NULL, NULL, 2218787072, 0)
[Download] [Trace] OnDebugMessage FileKey 2 2015/5/17 8:12:44:411 InternetConnect(hInternetSession, 'dreamspark.sef.qut.edu.au', 80, NULL, NULL, INTERNET_SERVICE_HTTP, 0, (DWORD) this);
[Download] [Trace] OnDebugMessage FileKey 2 2015/5/17 8:12:44:411 HttpOpenRequest(hHttpConnection, NULL, /en_windows_8.1_with_update_x64_dvd_4065090.02.sdc, 'HTTP/1.1', NULL, NULL, 2218787072, 0)
[Download] [Trace] OnDebugMessage FileKey 2 2015/5/17 8:12:44:522 HttpSendRequest(hHttpFile, '', 0, NULL, 0)
[Download] [Trace] OnDebugMessage FileKey 2 2015/5/17 8:12:44:522 HttpSendRequest(hHttpFile, '', 0, NULL, 0)
[Download] [Trace] OnDebugMessage FileKey 2 2015/5/17 8:12:44:522 HttpQueryInfo(hHttpFile, HTTP_QUERY_STATUS_CODE, szStatusCode, &dwInfoSize, NULL) return statusCode 404
[Download] [Trace] OnDebugMessage FileKey 2 2015/5/17 8:12:45:522 File::abortFileParts call closeOutputFile
[Download] [Error] OnErrorMessage FileKey 2 http://dreamspark.sef.qut.edu.au/en_windows_8.1_with_update_x64_dvd_4065090.01.sdc
[Download] [Error] OnErrorMessage FileKey 2 404
[Download] [Trace] OnDebugMessage FileKey 2 2015/5/17 8:12:45:525 HttpQueryInfo(hHttpFile, HTTP_QUERY_STATUS_CODE, szStatusCode, &dwInfoSize, NULL) return statusCode 404
[Download] [Trace] OnDebugMessage FileKey 2 2015/5/17 8:12:46:522 File::abortFileParts call closeOutputFile
[Download] [Error] OnErrorMessage FileKey 2 http://dreamspark.sef.qut.edu.au/en_windows_8.1_with_update_x64_dvd_4065090.01.sdc
[Download] [Error] OnErrorMessage FileKey 2 404
[Download] [Trace] OnEventMessage FileKey 1 2015/5/17 8:13:14:680 Event_ActionButton
[Download] [Trace] OnDebugMessage FileKey 2 2015/5/17 8:13:14:680 OnCommandMessage::FileState_Initial call closeOutputFile
[Download] [Trace] OnDebugMessage FileKey 2 2015/5/17 8:13:14:700 Download Start Phase - InternetSetOption(NULL, INTERNET_OPTION_MAX_CONNS_PER_1_0_SERVER, 100, sizeof(dwMaxCount)) retCode = 1
[Download] [Trace] OnDebugMessage FileKey 2 2015/5/17 8:13:14:700 InternetSetOption(NULL, INTERNET_OPTION_MAX_CONNS_PER_SERVER, 100, sizeof(dwMaxCount))retCode = 1
[Download] [Trace] OnDebugMessage FileKey 2 2015/5/17 8:13:14:700 InternetOpen(AfxGetAppName(), INTERNET_OPEN_TYPE_PRECONFIG, NULL, NULL, INTERNET_FLAG_DONT_CACHE | INTERNET_FLAG_RELOAD)retCode = 1
[Download] [Trace] OnDebugMessage FileKey 2 2015/5/17 8:13:14:700 InternetSetOption(hInternetSession, INTERNET_OPTION_MAX_CONNS_PER_1_0_SERVER, 100, sizeof(dwMaxCount));retCode = 0
[Download] [Trace] OnDebugMessage FileKey 2 2015/5/17 8:13:14:700 Download Start Phase - InternetSetOption(NULL, INTERNET_OPTION_MAX_CONNS_PER_1_0_SERVER, 100, sizeof(dwMaxCount)) retCode = 1
[Download] [Trace] OnDebugMessage FileKey 2 2015/5/17 8:13:14:700 InternetSetOption(NULL, INTERNET_OPTION_MAX_CONNS_PER_SERVER, 100, sizeof(dwMaxCount))retCode = 1
[Download] [Trace] OnDebugMessage FileKey 2 2015/5/17 8:13:14:700 InternetOpen(AfxGetAppName(), INTERNET_OPEN_TYPE_PRECONFIG, NULL, NULL, INTERNET_FLAG_DONT_CACHE | INTERNET_FLAG_RELOAD)retCode = 1
[Download] [Trace] OnDebugMessage FileKey 2 2015/5/17 8:13:14:700 InternetSetOption(hInternetSession, INTERNET_OPTION_MAX_CONNS_PER_1_0_SERVER, 100, sizeof(dwMaxCount));retCode = 0
[Download] [Trace] OnDebugMessage FileKey 2 2015/5/17 8:13:15:690 InternetConnect(hInternetSession, 'dreamspark.sef.qut.edu.au', 80, NULL, NULL, INTERNET_SERVICE_HTTP, 0, (DWORD) this);
[Download] [Trace] OnDebugMessage FileKey 2 2015/5/17 8:13:15:690 HttpOpenRequest(hHttpConnection, NULL, /en_windows_8.1_with_update_x64_dvd_4065090.01.sdc, 'HTTP/1.1', NULL, NULL, 2218787072, 0)
[Download] [Trace] OnDebugMessage FileKey 2 2015/5/17 8:13:15:698 HttpSendRequest(hHttpFile, '', 0, NULL, 0)
[Download] [Trace] OnDebugMessage FileKey 2 2015/5/17 8:13:15:698 HttpQueryInfo(hHttpFile, HTTP_QUERY_STATUS_CODE, szStatusCode, &dwInfoSize, NULL) return statusCode 404
[Download] [Trace] OnDebugMessage FileKey 2 2015/5/17 8:13:16:698 File::abortFileParts call closeOutputFile
[Download] [Error] OnErrorMessage FileKey 2 http://dreamspark.sef.qut.edu.au/en_windows_8.1_with_update_x64_dvd_4065090.01.sdc
[Download] [Error] OnErrorMessage FileKey 2 404
[Download] [Trace] OnDebugMessage FileKey 2 2015/5/17 8:13:16:701 InternetConnect(hInternetSession, 'dreamspark.sef.qut.edu.au', 80, NULL, NULL, INTERNET_SERVICE_HTTP, 0, (DWORD) this);
[Download] [Trace] OnDebugMessage FileKey 2 2015/5/17 8:13:16:701 HttpOpenRequest(hHttpConnection, NULL, /en_windows_8.1_with_update_x64_dvd_4065090.02.sdc, 'HTTP/1.1', NULL, NULL, 2218787072, 0)
[Download] [Trace] OnDebugMessage FileKey 2 2015/5/17 8:13:16:701 HttpSendRequest(hHttpFile, '', 0, NULL, 0)
[Download] [Trace] OnDebugMessage FileKey 2 2015/5/17 8:13:16:701 HttpQueryInfo(hHttpFile, HTTP_QUERY_STATUS_CODE, szStatusCode, &dwInfoSize, NULL) return statusCode 404
[Download] [Trace] OnDebugMessage FileKey 2 2015/5/17 8:13:17:698 File::abortFileParts call closeOutputFile
[Download] [Error] OnErrorMessage FileKey 2 http://dreamspark.sef.qut.edu.au/en_windows_8.1_with_update_x64_dvd_4065090.01.sdc
[Download] [Error] OnErrorMessage FileKey 2 404
[Download] [Trace] OnEventMessage FileKey 1 2015/5/17 8:13:24:992 Event_ActionButton
[Download] [Trace] OnDebugMessage FileKey 2 2015/5/17 8:13:24:992 OnCommandMessage::FileState_Initial call closeOutputFile
[Download] [Trace] OnDebugMessage FileKey 2 2015/5/17 8:13:25:12 Download Start Phase - InternetSetOption(NULL, INTERNET_OPTION_MAX_CONNS_PER_1_0_SERVER, 100, sizeof(dwMaxCount)) retCode = 1
[Download] [Trace] OnDebugMessage FileKey 2 2015/5/17 8:13:25:12 InternetSetOption(NULL, INTERNET_OPTION_MAX_CONNS_PER_SERVER, 100, sizeof(dwMaxCount))retCode = 1
[Download] [Trace] OnDebugMessage FileKey 2 2015/5/17 8:13:25:12 InternetOpen(AfxGetAppName(), INTERNET_OPEN_TYPE_PRECONFIG, NULL, NULL, INTERNET_FLAG_DONT_CACHE | INTERNET_FLAG_RELOAD)retCode = 1
[Download] [Trace] OnDebugMessage FileKey 2 2015/5/17 8:13:25:12 InternetSetOption(hInternetSession, INTERNET_OPTION_MAX_CONNS_PER_1_0_SERVER, 100, sizeof(dwMaxCount));retCode = 0
[Download] [Trace] OnDebugMessage FileKey 2 2015/5/17 8:13:25:12 Download Start Phase - InternetSetOption(NULL, INTERNET_OPTION_MAX_CONNS_PER_1_0_SERVER, 100, sizeof(dwMaxCount)) retCode = 1
[Download] [Trace] OnDebugMessage FileKey 2 2015/5/17 8:13:25:12 InternetSetOption(NULL, INTERNET_OPTION_MAX_CONNS_PER_SERVER, 100, sizeof(dwMaxCount))retCode = 1
[Download] [Trace] OnDebugMessage FileKey 2 2015/5/17 8:13:25:12 InternetOpen(AfxGetAppName(), INTERNET_OPEN_TYPE_PRECONFIG, NULL, NULL, INTERNET_FLAG_DONT_CACHE | INTERNET_FLAG_RELOAD)retCode = 1
[Download] [Trace] OnDebugMessage FileKey 2 2015/5/17 8:13:25:12 InternetSetOption(hInternetSession, INTERNET_OPTION_MAX_CONNS_PER_1_0_SERVER, 100, sizeof(dwMaxCount));retCode = 0
[Download] [Trace] OnDebugMessage FileKey 2 2015/5/17 8:13:26:2 InternetConnect(hInternetSession, 'software.dreamspark.com', 80, NULL, NULL, INTERNET_SERVICE_HTTP, 0, (DWORD) this);
[Download] [Trace] OnDebugMessage FileKey 2 2015/5/17 8:13:26:2 HttpOpenRequest(hHttpConnection, NULL, /dreamspark/ENGLISH/en_windows_8.1_with_update_x64_dvd_4065090.01.sdc, 'HTTP/1.1', NULL, NULL, 2218787072, 0)
[Download] [Trace] OnDebugMessage FileKey 2 2015/5/17 8:13:26:12 InternetConnect(hInternetSession, 'software.dreamspark.com', 80, NULL, NULL, INTERNET_SERVICE_HTTP, 0, (DWORD) this);
[Download] [Trace] OnDebugMessage FileKey 2 2015/5/17 8:13:26:12 HttpOpenRequest(hHttpConnection, NULL, /dreamspark/ENGLISH/en_windows_8.1_with_update_x64_dvd_4065090.02.sdc, 'HTTP/1.1', NULL, NULL, 2218787072, 0)
[Download] [Trace] OnDebugMessage FileKey 2 2015/5/17 8:13:26:531 HttpSendRequest(hHttpFile, '', 0, NULL, 0)
[Download] [Trace] OnDebugMessage FileKey 2 2015/5/17 8:13:26:531 HttpQueryInfo(hHttpFile, HTTP_QUERY_STATUS_CODE, szStatusCode, &dwInfoSize, NULL) return statusCode 200
[Download] [Trace] OnDebugMessage FileKey 2 2015/5/17 8:13:26:532 HttpQueryInfo(hHttpFile, HTTP_QUERY_CONTENT_LENGTH, szContentLength, &dwInfoSize, NULL) return m_ulContentLength 2097152000
[Download] [Trace] OnDebugMessage FileKey 2 2015/5/17 8:13:26:532 InternetCloseHandle( hHttpFile )
[Download] [Trace] OnDebugMessage FileKey 2 2015/5/17 8:13:26:532 HttpOpenRequest(hHttpConnection, NULL, /dreamspark/ENGLISH/en_windows_8.1_with_update_x64_dvd_4065090.01.sdc, NULL, NULL, NULL, 2218787072, 0)
[Download] [Trace] OnDebugMessage FileKey 2 2015/5/17 8:13:26:552 HttpSendRequest(hHttpFile, '', 0, NULL, 0)
[Download] [Trace] OnDebugMessage FileKey 2 2015/5/17 8:13:26:552 HttpQueryInfo(hHttpFile, HTTP_QUERY_STATUS_CODE, szStatusCode, &dwInfoSize, NULL) return statusCode 200
[Download] [Trace] OnDebugMessage FileKey 2 2015/5/17 8:13:26:552 HttpQueryInfo(hHttpFile, HTTP_QUERY_CONTENT_LENGTH, szContentLength, &dwInfoSize, NULL) return m_ulContentLength 1726218611
[Download] [Trace] OnDebugMessage FileKey 2 2015/5/17 8:13:26:554 InternetCloseHandle( hHttpFile )
[Download] [Trace] OnDebugMessage FileKey 2 2015/5/17 8:13:26:554 HttpOpenRequest(hHttpConnection, NULL, /dreamspark/ENGLISH/en_windows_8.1_with_update_x64_dvd_4065090.02.sdc, NULL, NULL, NULL, 2218787072, 0)
[Download] [Trace] OnDebugMessage FileKey 2 2015/5/17 8:13:27:62 HttpSendRequest(hHttpFile, '', 0, NULL, 0)
[Download] [Trace] OnDebugMessage FileKey 2 2015/5/17 8:13:27:62 processDownloadStream
[Download] [Trace] OnDebugMessage FileKey 2 2015/5/17 8:13:27:62 InternetSetOption(hHttpFile, INTERNET_OPTION_CONTROL_RECEIVE_TIMEOUT,10000, sizeof(dwTimeout))retCode = 1
[Download] [Trace] OnDebugMessage FileKey 2 2015/5/17 8:13:27:62 First InternetReadFile call
[Download] [Trace] OnDebugMessage FileKey 2 2015/5/17 8:13:27:89 HttpSendRequest(hHttpFile, '', 0, NULL, 0)
[Download] [Trace] OnDebugMessage FileKey 2 2015/5/17 8:13:27:89 processDownloadStream
[Download] [Trace] OnDebugMessage FileKey 2 2015/5/17 8:13:27:90 InternetSetOption(hHttpFile, INTERNET_OPTION_CONTROL_RECEIVE_TIMEOUT,10000, sizeof(dwTimeout))retCode = 1
[Download] [Trace] OnDebugMessage FileKey 2 2015/5/17 8:13:27:90 First InternetReadFile call
[Download] [Trace] OnDebugMessage FileKey 2 2015/5/17 8:44:49:198 InternetReadFile loop completed
[Download] [Trace] OnDebugMessage FileKey 2 2015/5/17 8:51:47:612 InternetReadFile loop completed
[Download] [Trace] OnDebugMessage FileKey 2 2015/5/17 8:51:47:612 OnTaskMessage::DownloadTaskState_Completed call closeOutputFile
[Download] [Trace] OnDebugMessage FileKey 2 2015/5/17 8:51:47:613 Unpacking File: C:\Users\Samuel\Downloads\en_windows_8.1_with_update_x64_dvd_4065090.sdc
[Download] [Trace] OnDebugMessage FileKey 2 2015/5/17 8:52:59:264 CRC Check completed reading 3823337839 bytes
[Download] [Trace] OnDebugMessage FileKey 2 2015/5/17 8:52:59:356 CRC Compare -1220267101 and -1220267101
